<?xml version="1.0" encoding="UTF-8"?>
<!-- Generated by org.testng.reporters.JUnitReportReporter -->
<testsuite hostname="RHARISHs-MacBook-Air.local" failures="0" tests="5" name="com.TestNg.CowinTestNG" time="27.089" errors="0" timestamp="2022-11-26T23:41:24 IST" skipped="0">
  <testcase classname="com.TestNg.CowinTestNG" name="selectState" time="6.322"/>
  <system-out/>
  <testcase classname="com.TestNg.CowinTestNG" name="hospitalCount" time="3.308"/>
  <system-out/>
  <testcase classname="com.TestNg.CowinTestNG" name="selectDistrict" time="4.236"/>
  <system-out/>
  <testcase classname="com.TestNg.CowinTestNG" name="clickButton" time="6.241"/>
  <system-out/>
  <testcase classname="com.TestNg.CowinTestNG" name="search" time="6.982"/>
  <system-out/>
</testsuite> <!-- com.TestNg.CowinTestNG -->
